
> client@0.0.0 build
> vite build

[36mvite v8.0.16 [32mbuilding client environment for production...[36m[39m
[2Ktransforming...✓ 2705 modules transformed.
rendering chunks...
computing gzip size...
dist/index.html                   0.50 kB │ gzip:   0.33 kB
dist/assets/index-DHRZEZt8.css   60.43 kB │ gzip:  10.95 kB
dist/assets/index-B6uUuYNy.js   774.73 kB │ gzip: 225.77 kB

[33m[plugin builtin:vite-reporter] 
(!) Some chunks are larger than 500 kB after minification. Consider:
- Using dynamic import() to code-split the application
- Use build.rolldownOptions.output.codeSplitting to improve chunking: https://rolldown.rs/reference/OutputOptions.codeSplitting
- Adjust chunk size limit for this warning via build.chunkSizeWarningLimit.[39m
[31m✗[39m Build failed in 663ms
[31merror during build:
[31mBuild failed with 1 error:

Error: [vite]: Rolldown failed to resolve import "react-is" from "/home/runner/work/Library/Library/client/node_modules/recharts/es6/util/ReactUtils.js".
This is most likely unintended because it can break your application at runtime.
If you do want to externalize this module explicitly add it to
`build.rolldownOptions.external`
    at viteLog (file:///home/runner/work/Library/Library/client/node_modules/vite/dist/node/chunks/node.js:33346:57)
    at file:///home/runner/work/Library/Library/client/node_modules/vite/dist/node/chunks/node.js:33382:71
    at onwarn (file:///home/runner/work/Library/Library/client/node_modules/@vitejs/plugin-react/dist/index.js:40:7)
    at file:///home/runner/work/Library/Library/client/node_modules/vite/dist/node/chunks/node.js:33382:28
    at onRollupLog (file:///home/runner/work/Library/Library/client/node_modules/vite/dist/node/chunks/node.js:33377:63)
    at onLog (file:///home/runner/work/Library/Library/client/node_modules/vite/dist/node/chunks/node.js:33146:4)
    at file:///home/runner/work/Library/Library/client/node_modules/rolldown/dist/shared/rolldown-build-CrPk_lZe.mjs:50:26
    at logger (file:///home/runner/work/Library/Library/client/node_modules/rolldown/dist/shared/rolldown-build-CrPk_lZe.mjs:41:3)[31m
    at aggregateBindingErrorsIntoJsError (file:///home/runner/work/Library/Library/client/node_modules/rolldown/dist/shared/error-BuvQYXuZ.mjs:48:18)
    at unwrapBindingResult (file:///home/runner/work/Library/Library/client/node_modules/rolldown/dist/shared/error-BuvQYXuZ.mjs:18:128)
    at #build (file:///home/runner/work/Library/Library/client/node_modules/rolldown/dist/shared/rolldown-build-CrPk_lZe.mjs:3246:34)
    at async buildEnvironment (file:///home/runner/work/Library/Library/client/node_modules/vite/dist/node/chunks/node.js:33253:64)
    at async Object.build (file:///home/runner/work/Library/Library/client/node_modules/vite/dist/node/chunks/node.js:33675:19)
    at async Object.buildApp (file:///home/runner/work/Library/Library/client/node_modules/vite/dist/node/chunks/node.js:33672:153)
    at async CAC.<anonymous> (file:///home/runner/work/Library/Library/client/node_modules/vite/dist/node/cli.js:777:3) {
  errors: [Getter/Setter]
}[39m
